[2021-03-03 22:30:27.350] [exthost] [info] extension host started
[2021-03-03 22:30:27.395] [exthost] [info] ExtensionService#_doActivateExtension vscode.debug-auto-launch {"startup":true,"extensionId":{"value":"vscode.debug-auto-launch","_lower":"vscode.debug-auto-launch"},"activationEvent":"*"}
[2021-03-03 22:30:27.396] [exthost] [info] ExtensionService#loadCommonJSModule file:///Users/masayukikaneko/.vscode-server/bin/622cb03f7e070a9670c94bae1a45d78d7181fbd4/extensions/debug-auto-launch/dist/extension
[2021-03-03 22:30:27.401] [exthost] [info] ExtensionService#_doActivateExtension vscode.git {"startup":true,"extensionId":{"value":"vscode.github","_lower":"vscode.github"},"activationEvent":"*"}
[2021-03-03 22:30:27.401] [exthost] [info] ExtensionService#loadCommonJSModule file:///Users/masayukikaneko/.vscode-server/bin/622cb03f7e070a9670c94bae1a45d78d7181fbd4/extensions/git/dist/main
[2021-03-03 22:30:27.564] [exthost] [info] ExtensionService#_doActivateExtension vscode.github {"startup":true,"extensionId":{"value":"vscode.github","_lower":"vscode.github"},"activationEvent":"*"}
[2021-03-03 22:30:27.565] [exthost] [info] ExtensionService#loadCommonJSModule file:///Users/masayukikaneko/.vscode-server/bin/622cb03f7e070a9670c94bae1a45d78d7181fbd4/extensions/github/dist/extension.js
[2021-03-03 22:30:27.618] [exthost] [info] ExtensionService#_doActivateExtension vscode.emmet {"startup":false,"extensionId":{"value":"vscode.emmet","_lower":"vscode.emmet"},"activationEvent":"onStartupFinished"}
[2021-03-03 22:30:27.618] [exthost] [info] ExtensionService#loadCommonJSModule file:///Users/masayukikaneko/.vscode-server/bin/622cb03f7e070a9670c94bae1a45d78d7181fbd4/extensions/emmet/dist/node/emmetNodeMain
[2021-03-03 22:30:27.631] [exthost] [info] ExtensionService#_doActivateExtension vscode.merge-conflict {"startup":false,"extensionId":{"value":"vscode.merge-conflict","_lower":"vscode.merge-conflict"},"activationEvent":"onStartupFinished"}
[2021-03-03 22:30:27.631] [exthost] [info] ExtensionService#loadCommonJSModule file:///Users/masayukikaneko/.vscode-server/bin/622cb03f7e070a9670c94bae1a45d78d7181fbd4/extensions/merge-conflict/dist/mergeConflictMain
[2021-03-03 22:30:27.635] [exthost] [info] ExtensionService#_doActivateExtension vscode.testing-editor-contributions {"startup":false,"extensionId":{"value":"vscode.testing-editor-contributions","_lower":"vscode.testing-editor-contributions"},"activationEvent":"onStartupFinished"}
[2021-03-03 22:30:27.635] [exthost] [info] ExtensionService#loadCommonJSModule file:///Users/masayukikaneko/.vscode-server/bin/622cb03f7e070a9670c94bae1a45d78d7181fbd4/extensions/testing-editor-contributions/dist/extension.js
[2021-03-03 22:30:27.638] [exthost] [info] eager extensions activated
[2021-03-03 22:30:27.648] [exthost] [info] ExtensionService#_doActivateExtension ms-vscode.js-debug {"startup":false,"extensionId":{"value":"ms-vscode.js-debug","_lower":"ms-vscode.js-debug"},"activationEvent":"onCommand:extension.js-debug.clearAutoAttachVariables"}
[2021-03-03 22:30:27.648] [exthost] [info] ExtensionService#loadCommonJSModule file:///Users/masayukikaneko/.vscode-server/bin/622cb03f7e070a9670c94bae1a45d78d7181fbd4/extensions/ms-vscode.js-debug/src/extension.js
[2021-03-03 22:38:33.125] [exthost] [info] ExtensionService#_doActivateExtension ms-vscode.node-debug2 {"startup":false,"extensionId":{"value":"ms-vscode.node-debug","_lower":"ms-vscode.node-debug"},"activationEvent":"onDebugInitialConfigurations"}
[2021-03-03 22:38:33.126] [exthost] [info] ExtensionService#loadCommonJSModule file:///Users/masayukikaneko/.vscode-server/bin/622cb03f7e070a9670c94bae1a45d78d7181fbd4/extensions/ms-vscode.node-debug2/out/src/extension
[2021-03-03 22:38:33.133] [exthost] [info] ExtensionService#_doActivateExtension ms-vscode.node-debug {"startup":false,"extensionId":{"value":"ms-vscode.node-debug","_lower":"ms-vscode.node-debug"},"activationEvent":"onDebugInitialConfigurations"}
[2021-03-03 22:38:33.133] [exthost] [info] ExtensionService#loadCommonJSModule file:///Users/masayukikaneko/.vscode-server/bin/622cb03f7e070a9670c94bae1a45d78d7181fbd4/extensions/ms-vscode.node-debug/dist/extension.js
[2021-03-03 22:38:36.092] [exthost] [info] ExtensionService#_doActivateExtension vscode.debug-server-ready {"startup":false,"extensionId":{"value":"vscode.debug-server-ready","_lower":"vscode.debug-server-ready"},"activationEvent":"onDebugResolve"}
[2021-03-03 22:38:36.092] [exthost] [info] ExtensionService#loadCommonJSModule file:///Users/masayukikaneko/.vscode-server/bin/622cb03f7e070a9670c94bae1a45d78d7181fbd4/extensions/debug-server-ready/dist/extension
[2021-03-04 02:15:16.396] [exthost] [info] extension host terminating: renderer disconnected for too long (1)
[2021-03-04 02:15:17.409] [exthost] [info] exiting with code 0
