[2021-03-04 18:48:28.468] [exthost] [info] extension host started
[2021-03-04 18:48:28.505] [exthost] [info] ExtensionService#_doActivateExtension vscode.debug-auto-launch {"startup":true,"extensionId":{"value":"vscode.debug-auto-launch","_lower":"vscode.debug-auto-launch"},"activationEvent":"*"}
[2021-03-04 18:48:28.505] [exthost] [info] ExtensionService#loadCommonJSModule file:///Users/masayukikaneko/.vscode-server/bin/622cb03f7e070a9670c94bae1a45d78d7181fbd4/extensions/debug-auto-launch/dist/extension
[2021-03-04 18:48:28.510] [exthost] [info] ExtensionService#_doActivateExtension vscode.git {"startup":true,"extensionId":{"value":"vscode.github","_lower":"vscode.github"},"activationEvent":"*"}
[2021-03-04 18:48:28.510] [exthost] [info] ExtensionService#loadCommonJSModule file:///Users/masayukikaneko/.vscode-server/bin/622cb03f7e070a9670c94bae1a45d78d7181fbd4/extensions/git/dist/main
[2021-03-04 18:48:28.767] [exthost] [info] ExtensionService#_doActivateExtension ms-vscode.js-debug {"startup":false,"extensionId":{"value":"ms-vscode.js-debug","_lower":"ms-vscode.js-debug"},"activationEvent":"onCommand:extension.js-debug.clearAutoAttachVariables"}
[2021-03-04 18:48:28.767] [exthost] [info] ExtensionService#loadCommonJSModule file:///Users/masayukikaneko/.vscode-server/bin/622cb03f7e070a9670c94bae1a45d78d7181fbd4/extensions/ms-vscode.js-debug/src/extension.js
[2021-03-04 18:48:29.001] [exthost] [info] ExtensionService#_doActivateExtension vscode.github {"startup":true,"extensionId":{"value":"vscode.github","_lower":"vscode.github"},"activationEvent":"*"}
[2021-03-04 18:48:29.001] [exthost] [info] ExtensionService#loadCommonJSModule file:///Users/masayukikaneko/.vscode-server/bin/622cb03f7e070a9670c94bae1a45d78d7181fbd4/extensions/github/dist/extension.js
[2021-03-04 18:48:29.056] [exthost] [info] ExtensionService#_doActivateExtension vscode.emmet {"startup":false,"extensionId":{"value":"vscode.emmet","_lower":"vscode.emmet"},"activationEvent":"onStartupFinished"}
[2021-03-04 18:48:29.056] [exthost] [info] ExtensionService#loadCommonJSModule file:///Users/masayukikaneko/.vscode-server/bin/622cb03f7e070a9670c94bae1a45d78d7181fbd4/extensions/emmet/dist/node/emmetNodeMain
[2021-03-04 18:48:29.070] [exthost] [info] ExtensionService#_doActivateExtension vscode.merge-conflict {"startup":false,"extensionId":{"value":"vscode.merge-conflict","_lower":"vscode.merge-conflict"},"activationEvent":"onStartupFinished"}
[2021-03-04 18:48:29.070] [exthost] [info] ExtensionService#loadCommonJSModule file:///Users/masayukikaneko/.vscode-server/bin/622cb03f7e070a9670c94bae1a45d78d7181fbd4/extensions/merge-conflict/dist/mergeConflictMain
[2021-03-04 18:48:29.075] [exthost] [info] ExtensionService#_doActivateExtension vscode.testing-editor-contributions {"startup":false,"extensionId":{"value":"vscode.testing-editor-contributions","_lower":"vscode.testing-editor-contributions"},"activationEvent":"onStartupFinished"}
[2021-03-04 18:48:29.075] [exthost] [info] ExtensionService#loadCommonJSModule file:///Users/masayukikaneko/.vscode-server/bin/622cb03f7e070a9670c94bae1a45d78d7181fbd4/extensions/testing-editor-contributions/dist/extension.js
[2021-03-04 18:48:29.078] [exthost] [info] ExtensionService#_doActivateExtension formulahendry.code-runner {"startup":false,"extensionId":{"value":"formulahendry.code-runner","_lower":"formulahendry.code-runner"},"activationEvent":"onStartupFinished"}
[2021-03-04 18:48:29.078] [exthost] [info] ExtensionService#loadCommonJSModule file:///Users/masayukikaneko/.vscode-server/extensions/formulahendry.code-runner-0.11.2/out/src/extension
[2021-03-04 18:48:29.105] [exthost] [info] eager extensions activated
[2021-03-04 18:48:29.931] [exthost] [info] ExtensionService#_doActivateExtension ms-vscode.cpptools {"startup":false,"extensionId":{"value":"ms-vscode.cpptools","_lower":"ms-vscode.cpptools"},"activationEvent":"onLanguage:c"}
[2021-03-04 18:48:29.931] [exthost] [info] ExtensionService#loadCommonJSModule file:///Users/masayukikaneko/.vscode-server/extensions/ms-vscode.cpptools-1.2.2/dist/main
[2021-03-04 18:48:47.669] [exthost] [info] ExtensionService#_doActivateExtension vscode.debug-server-ready {"startup":false,"extensionId":{"value":"vscode.debug-server-ready","_lower":"vscode.debug-server-ready"},"activationEvent":"onDebugResolve"}
[2021-03-04 18:48:47.670] [exthost] [info] ExtensionService#loadCommonJSModule file:///Users/masayukikaneko/.vscode-server/bin/622cb03f7e070a9670c94bae1a45d78d7181fbd4/extensions/debug-server-ready/dist/extension
[2021-03-04 18:48:47.703] [exthost] [info] ExtensionService#_doActivateExtension vscode.grunt {"startup":false,"extensionId":{"value":"vscode.grunt","_lower":"vscode.grunt"},"activationEvent":"onCommand:workbench.action.tasks.runTask"}
[2021-03-04 18:48:47.703] [exthost] [info] ExtensionService#loadCommonJSModule file:///Users/masayukikaneko/.vscode-server/bin/622cb03f7e070a9670c94bae1a45d78d7181fbd4/extensions/grunt/dist/main
[2021-03-04 18:48:47.705] [exthost] [info] ExtensionService#_doActivateExtension vscode.gulp {"startup":false,"extensionId":{"value":"vscode.gulp","_lower":"vscode.gulp"},"activationEvent":"onCommand:workbench.action.tasks.runTask"}
[2021-03-04 18:48:47.706] [exthost] [info] ExtensionService#loadCommonJSModule file:///Users/masayukikaneko/.vscode-server/bin/622cb03f7e070a9670c94bae1a45d78d7181fbd4/extensions/gulp/dist/main
[2021-03-04 18:48:47.708] [exthost] [info] ExtensionService#_doActivateExtension vscode.jake {"startup":false,"extensionId":{"value":"vscode.jake","_lower":"vscode.jake"},"activationEvent":"onCommand:workbench.action.tasks.runTask"}
[2021-03-04 18:48:47.708] [exthost] [info] ExtensionService#loadCommonJSModule file:///Users/masayukikaneko/.vscode-server/bin/622cb03f7e070a9670c94bae1a45d78d7181fbd4/extensions/jake/dist/main
[2021-03-04 18:48:47.711] [exthost] [info] ExtensionService#_doActivateExtension vscode.npm {"startup":false,"extensionId":{"value":"vscode.npm","_lower":"vscode.npm"},"activationEvent":"onCommand:workbench.action.tasks.runTask"}
[2021-03-04 18:48:47.711] [exthost] [info] ExtensionService#loadCommonJSModule file:///Users/masayukikaneko/.vscode-server/bin/622cb03f7e070a9670c94bae1a45d78d7181fbd4/extensions/npm/dist/npmMain
[2021-03-04 18:48:47.736] [exthost] [info] ExtensionService#_doActivateExtension vscode.typescript-language-features {"startup":false,"extensionId":{"value":"vscode.typescript-language-features","_lower":"vscode.typescript-language-features"},"activationEvent":"onCommand:workbench.action.tasks.runTask"}
[2021-03-04 18:48:47.736] [exthost] [info] ExtensionService#loadCommonJSModule file:///Users/masayukikaneko/.vscode-server/bin/622cb03f7e070a9670c94bae1a45d78d7181fbd4/extensions/typescript-language-features/dist/extension
[2021-03-04 18:52:22.736] [exthost] [error] [ms-vscode.cpptools] provider FAILED
[2021-03-04 18:52:22.736] [exthost] [error] undefined
[2021-03-04 18:53:00.440] [exthost] [error] [ms-vscode.cpptools] provider FAILED
[2021-03-04 18:53:00.440] [exthost] [error] undefined
[2021-03-04 18:53:46.833] [exthost] [error] [ms-vscode.cpptools] provider FAILED
[2021-03-04 18:53:46.833] [exthost] [error] undefined
[2021-03-04 18:55:44.236] [exthost] [error] [ms-vscode.cpptools] provider FAILED
[2021-03-04 18:55:44.236] [exthost] [error] undefined
[2021-03-04 18:55:54.249] [exthost] [error] [ms-vscode.cpptools] provider FAILED
[2021-03-04 18:55:54.249] [exthost] [error] undefined
[2021-03-04 18:55:57.310] [exthost] [error] [ms-vscode.cpptools] provider FAILED
[2021-03-04 18:55:57.310] [exthost] [error] undefined
[2021-03-04 18:56:05.369] [exthost] [error] [ms-vscode.cpptools] provider FAILED
[2021-03-04 18:56:05.369] [exthost] [error] undefined
[2021-03-04 18:56:09.149] [exthost] [error] [ms-vscode.cpptools] provider FAILED
[2021-03-04 18:56:09.149] [exthost] [error] undefined
[2021-03-04 18:56:16.585] [exthost] [error] [ms-vscode.cpptools] provider FAILED
[2021-03-04 18:56:16.585] [exthost] [error] undefined
[2021-03-04 19:09:53.436] [exthost] [info] ExtensionService#_doActivateExtension vscode.configuration-editing {"startup":false,"extensionId":{"value":"vscode.configuration-editing","_lower":"vscode.configuration-editing"},"activationEvent":"onLanguage:jsonc"}
[2021-03-04 19:09:53.436] [exthost] [info] ExtensionService#loadCommonJSModule file:///Users/masayukikaneko/.vscode-server/bin/622cb03f7e070a9670c94bae1a45d78d7181fbd4/extensions/configuration-editing/dist/configurationEditingMain
[2021-03-04 19:09:53.441] [exthost] [info] ExtensionService#_doActivateExtension vscode.json-language-features {"startup":false,"extensionId":{"value":"vscode.json-language-features","_lower":"vscode.json-language-features"},"activationEvent":"onLanguage:jsonc"}
[2021-03-04 19:09:53.441] [exthost] [info] ExtensionService#loadCommonJSModule file:///Users/masayukikaneko/.vscode-server/bin/622cb03f7e070a9670c94bae1a45d78d7181fbd4/extensions/json-language-features/client/dist/node/jsonClientMain
[2021-03-04 19:25:27.048] [exthost] [info] extension host terminating: received terminate message from renderer
[2021-03-04 19:25:28.072] [exthost] [info] exiting with code 0
