[2021-03-04 17:03:16.591] [exthost] [info] extension host started
[2021-03-04 17:03:16.623] [exthost] [info] ExtensionService#_doActivateExtension vscode.debug-auto-launch {"startup":true,"extensionId":{"value":"vscode.debug-auto-launch","_lower":"vscode.debug-auto-launch"},"activationEvent":"*"}
[2021-03-04 17:03:16.623] [exthost] [info] ExtensionService#loadCommonJSModule file:///Users/masayukikaneko/.vscode-server/bin/622cb03f7e070a9670c94bae1a45d78d7181fbd4/extensions/debug-auto-launch/dist/extension
[2021-03-04 17:03:16.628] [exthost] [info] ExtensionService#_doActivateExtension vscode.git {"startup":true,"extensionId":{"value":"vscode.github","_lower":"vscode.github"},"activationEvent":"*"}
[2021-03-04 17:03:16.628] [exthost] [info] ExtensionService#loadCommonJSModule file:///Users/masayukikaneko/.vscode-server/bin/622cb03f7e070a9670c94bae1a45d78d7181fbd4/extensions/git/dist/main
[2021-03-04 17:03:17.293] [exthost] [info] ExtensionService#_doActivateExtension ms-vscode.js-debug {"startup":false,"extensionId":{"value":"ms-vscode.js-debug","_lower":"ms-vscode.js-debug"},"activationEvent":"onCommand:extension.js-debug.clearAutoAttachVariables"}
[2021-03-04 17:03:17.293] [exthost] [info] ExtensionService#loadCommonJSModule file:///Users/masayukikaneko/.vscode-server/bin/622cb03f7e070a9670c94bae1a45d78d7181fbd4/extensions/ms-vscode.js-debug/src/extension.js
[2021-03-04 17:03:17.512] [exthost] [info] ExtensionService#_doActivateExtension vscode.github {"startup":true,"extensionId":{"value":"vscode.github","_lower":"vscode.github"},"activationEvent":"*"}
[2021-03-04 17:03:17.512] [exthost] [info] ExtensionService#loadCommonJSModule file:///Users/masayukikaneko/.vscode-server/bin/622cb03f7e070a9670c94bae1a45d78d7181fbd4/extensions/github/dist/extension.js
[2021-03-04 17:03:17.582] [exthost] [info] ExtensionService#_doActivateExtension vscode.emmet {"startup":false,"extensionId":{"value":"vscode.emmet","_lower":"vscode.emmet"},"activationEvent":"onStartupFinished"}
[2021-03-04 17:03:17.582] [exthost] [info] ExtensionService#loadCommonJSModule file:///Users/masayukikaneko/.vscode-server/bin/622cb03f7e070a9670c94bae1a45d78d7181fbd4/extensions/emmet/dist/node/emmetNodeMain
[2021-03-04 17:03:17.596] [exthost] [info] ExtensionService#_doActivateExtension vscode.merge-conflict {"startup":false,"extensionId":{"value":"vscode.merge-conflict","_lower":"vscode.merge-conflict"},"activationEvent":"onStartupFinished"}
[2021-03-04 17:03:17.596] [exthost] [info] ExtensionService#loadCommonJSModule file:///Users/masayukikaneko/.vscode-server/bin/622cb03f7e070a9670c94bae1a45d78d7181fbd4/extensions/merge-conflict/dist/mergeConflictMain
[2021-03-04 17:03:17.600] [exthost] [info] ExtensionService#_doActivateExtension vscode.testing-editor-contributions {"startup":false,"extensionId":{"value":"vscode.testing-editor-contributions","_lower":"vscode.testing-editor-contributions"},"activationEvent":"onStartupFinished"}
[2021-03-04 17:03:17.600] [exthost] [info] ExtensionService#loadCommonJSModule file:///Users/masayukikaneko/.vscode-server/bin/622cb03f7e070a9670c94bae1a45d78d7181fbd4/extensions/testing-editor-contributions/dist/extension.js
[2021-03-04 17:03:17.604] [exthost] [info] eager extensions activated
[2021-03-04 17:03:22.216] [exthost] [info] ExtensionService#_doActivateExtension ms-vscode.node-debug2 {"startup":false,"extensionId":{"value":"ms-vscode.node-debug","_lower":"ms-vscode.node-debug"},"activationEvent":"onDebugInitialConfigurations"}
[2021-03-04 17:03:22.216] [exthost] [info] ExtensionService#loadCommonJSModule file:///Users/masayukikaneko/.vscode-server/bin/622cb03f7e070a9670c94bae1a45d78d7181fbd4/extensions/ms-vscode.node-debug2/out/src/extension
[2021-03-04 17:03:22.228] [exthost] [info] ExtensionService#_doActivateExtension ms-vscode.node-debug {"startup":false,"extensionId":{"value":"ms-vscode.node-debug","_lower":"ms-vscode.node-debug"},"activationEvent":"onDebugInitialConfigurations"}
[2021-03-04 17:03:22.228] [exthost] [info] ExtensionService#loadCommonJSModule file:///Users/masayukikaneko/.vscode-server/bin/622cb03f7e070a9670c94bae1a45d78d7181fbd4/extensions/ms-vscode.node-debug/dist/extension.js
[2021-03-04 17:03:24.402] [exthost] [info] ExtensionService#_doActivateExtension vscode.debug-server-ready {"startup":false,"extensionId":{"value":"vscode.debug-server-ready","_lower":"vscode.debug-server-ready"},"activationEvent":"onDebugResolve"}
[2021-03-04 17:03:24.402] [exthost] [info] ExtensionService#loadCommonJSModule file:///Users/masayukikaneko/.vscode-server/bin/622cb03f7e070a9670c94bae1a45d78d7181fbd4/extensions/debug-server-ready/dist/extension
[2021-03-04 17:04:27.460] [exthost] [info] ExtensionService#_doActivateExtension ms-vscode.cpptools {"startup":false,"extensionId":{"value":"ms-vscode.cpptools","_lower":"ms-vscode.cpptools"},"activationEvent":"*"}
[2021-03-04 17:04:27.460] [exthost] [info] ExtensionService#loadCommonJSModule file:///Users/masayukikaneko/.vscode-server/extensions/ms-vscode.cpptools-1.2.2/dist/main
[2021-03-04 17:04:32.978] [exthost] [error] [ms-vscode.cpptools] provider FAILED
[2021-03-04 17:04:32.978] [exthost] [error] undefined
[2021-03-04 17:04:42.148] [exthost] [info] ExtensionService#_doActivateExtension vscode.configuration-editing {"startup":false,"extensionId":{"value":"vscode.configuration-editing","_lower":"vscode.configuration-editing"},"activationEvent":"onLanguage:json"}
[2021-03-04 17:04:42.149] [exthost] [info] ExtensionService#loadCommonJSModule file:///Users/masayukikaneko/.vscode-server/bin/622cb03f7e070a9670c94bae1a45d78d7181fbd4/extensions/configuration-editing/dist/configurationEditingMain
[2021-03-04 17:04:42.162] [exthost] [info] ExtensionService#_doActivateExtension vscode.extension-editing {"startup":false,"extensionId":{"value":"vscode.extension-editing","_lower":"vscode.extension-editing"},"activationEvent":"onLanguage:json"}
[2021-03-04 17:04:42.162] [exthost] [info] ExtensionService#loadCommonJSModule file:///Users/masayukikaneko/.vscode-server/bin/622cb03f7e070a9670c94bae1a45d78d7181fbd4/extensions/extension-editing/dist/extensionEditingMain
[2021-03-04 17:04:42.174] [exthost] [info] ExtensionService#_doActivateExtension vscode.json-language-features {"startup":false,"extensionId":{"value":"vscode.json-language-features","_lower":"vscode.json-language-features"},"activationEvent":"onLanguage:json"}
[2021-03-04 17:04:42.174] [exthost] [info] ExtensionService#loadCommonJSModule file:///Users/masayukikaneko/.vscode-server/bin/622cb03f7e070a9670c94bae1a45d78d7181fbd4/extensions/json-language-features/client/dist/node/jsonClientMain
[2021-03-04 17:04:42.221] [exthost] [info] ExtensionService#_doActivateExtension vscode.npm {"startup":false,"extensionId":{"value":"vscode.npm","_lower":"vscode.npm"},"activationEvent":"onLanguage:json"}
[2021-03-04 17:04:42.221] [exthost] [info] ExtensionService#loadCommonJSModule file:///Users/masayukikaneko/.vscode-server/bin/622cb03f7e070a9670c94bae1a45d78d7181fbd4/extensions/npm/dist/npmMain
[2021-03-04 17:04:45.456] [exthost] [info] ExtensionService#_doActivateExtension formulahendry.code-runner {"startup":false,"extensionId":{"value":"formulahendry.code-runner","_lower":"formulahendry.code-runner"},"activationEvent":"onStartupFinished"}
[2021-03-04 17:04:45.456] [exthost] [info] ExtensionService#loadCommonJSModule file:///Users/masayukikaneko/.vscode-server/extensions/formulahendry.code-runner-0.11.2/out/src/extension
[2021-03-04 17:04:50.564] [exthost] [error] [ms-vscode.cpptools] provider FAILED
[2021-03-04 17:04:50.564] [exthost] [error] undefined
[2021-03-04 17:05:07.810] [exthost] [info] ExtensionService#_doActivateExtension vscode.grunt {"startup":false,"extensionId":{"value":"vscode.grunt","_lower":"vscode.grunt"},"activationEvent":"onCommand:workbench.action.tasks.runTask"}
[2021-03-04 17:05:07.810] [exthost] [info] ExtensionService#loadCommonJSModule file:///Users/masayukikaneko/.vscode-server/bin/622cb03f7e070a9670c94bae1a45d78d7181fbd4/extensions/grunt/dist/main
[2021-03-04 17:05:07.816] [exthost] [info] ExtensionService#_doActivateExtension vscode.gulp {"startup":false,"extensionId":{"value":"vscode.gulp","_lower":"vscode.gulp"},"activationEvent":"onCommand:workbench.action.tasks.runTask"}
[2021-03-04 17:05:07.816] [exthost] [info] ExtensionService#loadCommonJSModule file:///Users/masayukikaneko/.vscode-server/bin/622cb03f7e070a9670c94bae1a45d78d7181fbd4/extensions/gulp/dist/main
[2021-03-04 17:05:07.819] [exthost] [info] ExtensionService#_doActivateExtension vscode.jake {"startup":false,"extensionId":{"value":"vscode.jake","_lower":"vscode.jake"},"activationEvent":"onCommand:workbench.action.tasks.runTask"}
[2021-03-04 17:05:07.819] [exthost] [info] ExtensionService#loadCommonJSModule file:///Users/masayukikaneko/.vscode-server/bin/622cb03f7e070a9670c94bae1a45d78d7181fbd4/extensions/jake/dist/main
[2021-03-04 17:05:07.822] [exthost] [info] ExtensionService#_doActivateExtension vscode.typescript-language-features {"startup":false,"extensionId":{"value":"vscode.typescript-language-features","_lower":"vscode.typescript-language-features"},"activationEvent":"onCommand:workbench.action.tasks.runTask"}
[2021-03-04 17:05:07.822] [exthost] [info] ExtensionService#loadCommonJSModule file:///Users/masayukikaneko/.vscode-server/bin/622cb03f7e070a9670c94bae1a45d78d7181fbd4/extensions/typescript-language-features/dist/extension
[2021-03-04 17:08:10.413] [exthost] [error] [ms-vscode.cpptools] provider FAILED
[2021-03-04 17:08:10.413] [exthost] [error] undefined
[2021-03-04 17:13:35.279] [exthost] [info] extension host terminating: received terminate message from renderer
[2021-03-04 17:13:36.323] [exthost] [info] exiting with code 0
