次の場所で Git を検索しています: /usr/bin/git
/usr/bin/git から Git 2.20.1 (Apple Git-117) を使用しています
> git rev-parse --git-dir
Open repository: /Users/masayukikaneko/VScode
> git status -z -u
> git symbolic-ref --short HEAD
> git for-each-ref --format=%(refname)%00%(upstream:short)%00%(upstream:track)%00%(objectname) refs/heads/main refs/remotes/main
> git for-each-ref --sort -committerdate --format %(refname) %(objectname) %(*objectname)
> git remote --verbose
Warning: Failed to watch ref '/Users/masayukikaneko/VScode/.git/refs/remotes/origin/main', is most likely packed.
> git config --get commit.template
> git check-ignore -v -z --stdin
> git show --textconv :LDPCkaneko/LDPCv.c
> git ls-files --stage -- /Users/masayukikaneko/VScode/LDPCkaneko/LDPCv.c
> git show --textconv :LDPCkaneko/MT.h
> git ls-files --stage -- /Users/masayukikaneko/VScode/LDPCkaneko/MT.h
> git show --textconv :LDPCkaneko/LDPCv.c
> git ls-files --stage -- /Users/masayukikaneko/VScode/LDPCkaneko/LDPCv.c
> git show --textconv :LDPCkaneko/test.txt
> git ls-files --stage -- /Users/masayukikaneko/VScode/LDPCkaneko/test.txt
> git show --textconv :LDPCkaneko/LDPCv.c
> git ls-files --stage -- /Users/masayukikaneko/VScode/LDPCkaneko/LDPCv.c
> git status -z -u
> git symbolic-ref --short HEAD
> git for-each-ref --format=%(refname)%00%(upstream:short)%00%(upstream:track)%00%(objectname) refs/heads/main refs/remotes/main
> git for-each-ref --sort -committerdate --format %(refname) %(objectname) %(*objectname)
> git remote --verbose
Warning: Failed to watch ref '/Users/masayukikaneko/VScode/.git/refs/remotes/origin/main', is most likely packed.
> git config --get commit.template
> git status -z -u
> git symbolic-ref --short HEAD
> git for-each-ref --format=%(refname)%00%(upstream:short)%00%(upstream:track)%00%(objectname) refs/heads/main refs/remotes/main
> git for-each-ref --sort -committerdate --format %(refname) %(objectname) %(*objectname)
> git remote --verbose
Warning: Failed to watch ref '/Users/masayukikaneko/VScode/.git/refs/remotes/origin/main', is most likely packed.
> git config --get commit.template
> git status -z -u
> git symbolic-ref --short HEAD
> git for-each-ref --format=%(refname)%00%(upstream:short)%00%(upstream:track)%00%(objectname) refs/heads/main refs/remotes/main
> git for-each-ref --sort -committerdate --format %(refname) %(objectname) %(*objectname)
> git remote --verbose
Warning: Failed to watch ref '/Users/masayukikaneko/VScode/.git/refs/remotes/origin/main', is most likely packed.
> git config --get commit.template
> git status -z -u
> git symbolic-ref --short HEAD
> git for-each-ref --format=%(refname)%00%(upstream:short)%00%(upstream:track)%00%(objectname) refs/heads/main refs/remotes/main
> git for-each-ref --sort -committerdate --format %(refname) %(objectname) %(*objectname)
> git remote --verbose
Warning: Failed to watch ref '/Users/masayukikaneko/VScode/.git/refs/remotes/origin/main', is most likely packed.
> git config --get commit.template
> git status -z -u
> git symbolic-ref --short HEAD
> git for-each-ref --format=%(refname)%00%(upstream:short)%00%(upstream:track)%00%(objectname) refs/heads/main refs/remotes/main
> git for-each-ref --sort -committerdate --format %(refname) %(objectname) %(*objectname)
> git remote --verbose
Warning: Failed to watch ref '/Users/masayukikaneko/VScode/.git/refs/remotes/origin/main', is most likely packed.
> git config --get commit.template
> git status -z -u
> git symbolic-ref --short HEAD
> git for-each-ref --format=%(refname)%00%(upstream:short)%00%(upstream:track)%00%(objectname) refs/heads/main refs/remotes/main
> git for-each-ref --sort -committerdate --format %(refname) %(objectname) %(*objectname)
> git remote --verbose
Warning: Failed to watch ref '/Users/masayukikaneko/VScode/.git/refs/remotes/origin/main', is most likely packed.
> git config --get commit.template
> git status -z -u
> git symbolic-ref --short HEAD
> git for-each-ref --format=%(refname)%00%(upstream:short)%00%(upstream:track)%00%(objectname) refs/heads/main refs/remotes/main
> git for-each-ref --sort -committerdate --format %(refname) %(objectname) %(*objectname)
> git remote --verbose
Warning: Failed to watch ref '/Users/masayukikaneko/VScode/.git/refs/remotes/origin/main', is most likely packed.
> git config --get commit.template
> git status -z -u
> git symbolic-ref --short HEAD
> git for-each-ref --format=%(refname)%00%(upstream:short)%00%(upstream:track)%00%(objectname) refs/heads/main refs/remotes/main
> git for-each-ref --sort -committerdate --format %(refname) %(objectname) %(*objectname)
> git remote --verbose
Warning: Failed to watch ref '/Users/masayukikaneko/VScode/.git/refs/remotes/origin/main', is most likely packed.
> git config --get commit.template
> git status -z -u
> git symbolic-ref --short HEAD
> git for-each-ref --format=%(refname)%00%(upstream:short)%00%(upstream:track)%00%(objectname) refs/heads/main refs/remotes/main
> git for-each-ref --sort -committerdate --format %(refname) %(objectname) %(*objectname)
> git remote --verbose
Warning: Failed to watch ref '/Users/masayukikaneko/VScode/.git/refs/remotes/origin/main', is most likely packed.
> git config --get commit.template
> git status -z -u
> git symbolic-ref --short HEAD
> git for-each-ref --format=%(refname)%00%(upstream:short)%00%(upstream:track)%00%(objectname) refs/heads/main refs/remotes/main
> git for-each-ref --sort -committerdate --format %(refname) %(objectname) %(*objectname)
> git remote --verbose
Warning: Failed to watch ref '/Users/masayukikaneko/VScode/.git/refs/remotes/origin/main', is most likely packed.
> git config --get commit.template
> git status -z -u
> git symbolic-ref --short HEAD
> git for-each-ref --format=%(refname)%00%(upstream:short)%00%(upstream:track)%00%(objectname) refs/heads/main refs/remotes/main
> git for-each-ref --sort -committerdate --format %(refname) %(objectname) %(*objectname)
> git remote --verbose
Warning: Failed to watch ref '/Users/masayukikaneko/VScode/.git/refs/remotes/origin/main', is most likely packed.
> git config --get commit.template
> git status -z -u
> git symbolic-ref --short HEAD
> git for-each-ref --format=%(refname)%00%(upstream:short)%00%(upstream:track)%00%(objectname) refs/heads/main refs/remotes/main
> git for-each-ref --sort -committerdate --format %(refname) %(objectname) %(*objectname)
> git remote --verbose
Warning: Failed to watch ref '/Users/masayukikaneko/VScode/.git/refs/remotes/origin/main', is most likely packed.
> git config --get commit.template
> git show --textconv :LDPCkaneko/LDPCv.c
> git ls-files --stage -- /Users/masayukikaneko/VScode/LDPCkaneko/LDPCv.c
> git status -z -u
> git symbolic-ref --short HEAD
> git for-each-ref --format=%(refname)%00%(upstream:short)%00%(upstream:track)%00%(objectname) refs/heads/main refs/remotes/main
> git for-each-ref --sort -committerdate --format %(refname) %(objectname) %(*objectname)
> git remote --verbose
Warning: Failed to watch ref '/Users/masayukikaneko/VScode/.git/refs/remotes/origin/main', is most likely packed.
> git config --get commit.template
> git status -z -u
> git symbolic-ref --short HEAD
> git for-each-ref --format=%(refname)%00%(upstream:short)%00%(upstream:track)%00%(objectname) refs/heads/main refs/remotes/main
> git for-each-ref --sort -committerdate --format %(refname) %(objectname) %(*objectname)
> git remote --verbose
Warning: Failed to watch ref '/Users/masayukikaneko/VScode/.git/refs/remotes/origin/main', is most likely packed.
> git config --get commit.template
> git show --textconv :LDPCkaneko/.vscode/launch.json
> git ls-files --stage -- /Users/masayukikaneko/VScode/LDPCkaneko/.vscode/launch.json
> git check-ignore -v -z --stdin
> git show --textconv :LDPCkaneko/.vscode/launch.json
> git ls-files --stage -- /Users/masayukikaneko/VScode/LDPCkaneko/.vscode/launch.json
> git show --textconv :LDPCkaneko/LDPCv.c
> git ls-files --stage -- /Users/masayukikaneko/VScode/LDPCkaneko/LDPCv.c
> git status -z -u
> git symbolic-ref --short HEAD
> git for-each-ref --format=%(refname)%00%(upstream:short)%00%(upstream:track)%00%(objectname) refs/heads/main refs/remotes/main
> git for-each-ref --sort -committerdate --format %(refname) %(objectname) %(*objectname)
> git remote --verbose
Warning: Failed to watch ref '/Users/masayukikaneko/VScode/.git/refs/remotes/origin/main', is most likely packed.
> git config --get commit.template
> git status -z -u
> git symbolic-ref --short HEAD
> git for-each-ref --format=%(refname)%00%(upstream:short)%00%(upstream:track)%00%(objectname) refs/heads/main refs/remotes/main
> git for-each-ref --sort -committerdate --format %(refname) %(objectname) %(*objectname)
> git remote --verbose
Warning: Failed to watch ref '/Users/masayukikaneko/VScode/.git/refs/remotes/origin/main', is most likely packed.
> git config --get commit.template
> git status -z -u
> git symbolic-ref --short HEAD
> git for-each-ref --format=%(refname)%00%(upstream:short)%00%(upstream:track)%00%(objectname) refs/heads/main refs/remotes/main
> git for-each-ref --sort -committerdate --format %(refname) %(objectname) %(*objectname)
> git remote --verbose
Warning: Failed to watch ref '/Users/masayukikaneko/VScode/.git/refs/remotes/origin/main', is most likely packed.
> git config --get commit.template
> git status -z -u
> git symbolic-ref --short HEAD
> git for-each-ref --format=%(refname)%00%(upstream:short)%00%(upstream:track)%00%(objectname) refs/heads/main refs/remotes/main
> git for-each-ref --sort -committerdate --format %(refname) %(objectname) %(*objectname)
> git remote --verbose
Warning: Failed to watch ref '/Users/masayukikaneko/VScode/.git/refs/remotes/origin/main', is most likely packed.
> git config --get commit.template
> git show --textconv :LDPCkaneko/.vscode/launch.json
> git ls-files --stage -- /Users/masayukikaneko/VScode/LDPCkaneko/.vscode/launch.json
> git show --textconv :LDPCkaneko/LDPCv.c
> git ls-files --stage -- /Users/masayukikaneko/VScode/LDPCkaneko/LDPCv.c
> git status -z -u
> git symbolic-ref --short HEAD
> git for-each-ref --format=%(refname)%00%(upstream:short)%00%(upstream:track)%00%(objectname) refs/heads/main refs/remotes/main
> git for-each-ref --sort -committerdate --format %(refname) %(objectname) %(*objectname)
> git remote --verbose
Warning: Failed to watch ref '/Users/masayukikaneko/VScode/.git/refs/remotes/origin/main', is most likely packed.
> git config --get commit.template
> git status -z -u
> git symbolic-ref --short HEAD
> git for-each-ref --format=%(refname)%00%(upstream:short)%00%(upstream:track)%00%(objectname) refs/heads/main refs/remotes/main
> git for-each-ref --sort -committerdate --format %(refname) %(objectname) %(*objectname)
> git remote --verbose
Warning: Failed to watch ref '/Users/masayukikaneko/VScode/.git/refs/remotes/origin/main', is most likely packed.
> git config --get commit.template
> git check-ignore -v -z --stdin
> git show --textconv HEAD:LDPCkaneko/.vscode/launch.json
> git ls-tree -l HEAD -- /Users/masayukikaneko/VScode/LDPCkaneko/.vscode/launch.json
> git clean -f -q -- /Users/masayukikaneko/VScode/LDPCkaneko/.vscode/launch.json
> git checkout -q
> git status -z -u
> git symbolic-ref --short HEAD
> git for-each-ref --format=%(refname)%00%(upstream:short)%00%(upstream:track)%00%(objectname) refs/heads/main refs/remotes/main
> git for-each-ref --sort -committerdate --format %(refname) %(objectname) %(*objectname)
> git remote --verbose
Warning: Failed to watch ref '/Users/masayukikaneko/VScode/.git/refs/remotes/origin/main', is most likely packed.
> git config --get commit.template
> git ls-tree -l HEAD -- /Users/masayukikaneko/VScode/LDPCkaneko/.vscode/launch.json
> git show --textconv HEAD:LDPCkaneko/.vscode/launch.json
> git status -z -u
> git symbolic-ref --short HEAD
> git for-each-ref --format=%(refname)%00%(upstream:short)%00%(upstream:track)%00%(objectname) refs/heads/main refs/remotes/main
> git for-each-ref --sort -committerdate --format %(refname) %(objectname) %(*objectname)
> git remote --verbose
Warning: Failed to watch ref '/Users/masayukikaneko/VScode/.git/refs/remotes/origin/main', is most likely packed.
> git config --get commit.template
git.getSCMResource.uri file:///Users/masayukikaneko/VScode/LDPCkaneko/.vscode/launch.json
repo root /Users/masayukikaneko/VScode
> git clean -f -q -- /Users/masayukikaneko/VScode/LDPCkaneko/.vscode/tasks.json
> git checkout -q
> git status -z -u
> git symbolic-ref --short HEAD
> git for-each-ref --format=%(refname)%00%(upstream:short)%00%(upstream:track)%00%(objectname) refs/heads/main refs/remotes/main
> git for-each-ref --sort -committerdate --format %(refname) %(objectname) %(*objectname)
> git remote --verbose
Warning: Failed to watch ref '/Users/masayukikaneko/VScode/.git/refs/remotes/origin/main', is most likely packed.
> git config --get commit.template
> git status -z -u
> git symbolic-ref --short HEAD
> git ls-tree -l HEAD -- /Users/masayukikaneko/VScode/LDPCkaneko/.vscode/launch.json
> git for-each-ref --format=%(refname)%00%(upstream:short)%00%(upstream:track)%00%(objectname) refs/heads/main refs/remotes/main
> git for-each-ref --sort -committerdate --format %(refname) %(objectname) %(*objectname)
> git remote --verbose
> git show --textconv HEAD:LDPCkaneko/.vscode/launch.json
Warning: Failed to watch ref '/Users/masayukikaneko/VScode/.git/refs/remotes/origin/main', is most likely packed.
> git config --get commit.template
> git show --textconv :LDPCkaneko/LDPCv
> git ls-files --stage -- /Users/masayukikaneko/VScode/LDPCkaneko/LDPCv
> git cat-file -s 5463a4f69221196d1ab8d83f983089cee4397590
> git ls-files --stage -- /Users/masayukikaneko/VScode/LDPCkaneko/LDPCv
> git cat-file -s 5463a4f69221196d1ab8d83f983089cee4397590
> git ls-files --stage -- /Users/masayukikaneko/VScode/LDPCkaneko/LDPCv
> git cat-file -s 5463a4f69221196d1ab8d83f983089cee4397590
> git checkout -q -- /Users/masayukikaneko/VScode/LDPCkaneko/LDPCv
> git status -z -u
> git symbolic-ref --short HEAD
> git for-each-ref --format=%(refname)%00%(upstream:short)%00%(upstream:track)%00%(objectname) refs/heads/main refs/remotes/main
> git for-each-ref --sort -committerdate --format %(refname) %(objectname) %(*objectname)
> git remote --verbose
Warning: Failed to watch ref '/Users/masayukikaneko/VScode/.git/refs/remotes/origin/main', is most likely packed.
> git config --get commit.template
> git status -z -u
> git symbolic-ref --short HEAD
> git for-each-ref --format=%(refname)%00%(upstream:short)%00%(upstream:track)%00%(objectname) refs/heads/main refs/remotes/main
> git for-each-ref --sort -committerdate --format %(refname) %(objectname) %(*objectname)
> git remote --verbose
Warning: Failed to watch ref '/Users/masayukikaneko/VScode/.git/refs/remotes/origin/main', is most likely packed.
> git config --get commit.template
> git show --textconv HEAD:LDPCkaneko/LDPCv.c
> git ls-tree -l HEAD -- /Users/masayukikaneko/VScode/LDPCkaneko/LDPCv.c
> git show --textconv :LDPCkaneko/LDPCv.c
> git ls-files --stage -- /Users/masayukikaneko/VScode/LDPCkaneko/LDPCv.c
> git status -z -u
> git symbolic-ref --short HEAD
> git for-each-ref --format=%(refname)%00%(upstream:short)%00%(upstream:track)%00%(objectname) refs/heads/main refs/remotes/main
> git for-each-ref --sort -committerdate --format %(refname) %(objectname) %(*objectname)
> git remote --verbose
Warning: Failed to watch ref '/Users/masayukikaneko/VScode/.git/refs/remotes/origin/main', is most likely packed.
> git config --get commit.template
> git show --textconv HEAD:LDPCkaneko/LDPCv.c
> git ls-tree -l HEAD -- /Users/masayukikaneko/VScode/LDPCkaneko/LDPCv.c
> git check-ignore -v -z --stdin
> git show --textconv HEAD:LDPCkaneko/LDPCv.c
> git ls-tree -l HEAD -- /Users/masayukikaneko/VScode/LDPCkaneko/LDPCv.c
> git status -z -u
> git symbolic-ref --short HEAD
> git for-each-ref --format=%(refname)%00%(upstream:short)%00%(upstream:track)%00%(objectname) refs/heads/main refs/remotes/main
> git for-each-ref --sort -committerdate --format %(refname) %(objectname) %(*objectname)
> git remote --verbose
Warning: Failed to watch ref '/Users/masayukikaneko/VScode/.git/refs/remotes/origin/main', is most likely packed.
> git config --get commit.template
> git show --textconv :LDPCkaneko/.vscode/launch.json
> git ls-files --stage -- /Users/masayukikaneko/VScode/LDPCkaneko/.vscode/launch.json
> git ls-tree -l HEAD -- /Users/masayukikaneko/VScode/LDPCkaneko/LDPCv.c
> git status -z -u
> git symbolic-ref --short HEAD
> git for-each-ref --format=%(refname)%00%(upstream:short)%00%(upstream:track)%00%(objectname) refs/heads/main refs/remotes/main
> git for-each-ref --sort -committerdate --format %(refname) %(objectname) %(*objectname)
> git remote --verbose
Warning: Failed to watch ref '/Users/masayukikaneko/VScode/.git/refs/remotes/origin/main', is most likely packed.
> git config --get commit.template
> git show --textconv :LDPCkaneko/.vscode/launch.json
> git ls-files --stage -- /Users/masayukikaneko/VScode/LDPCkaneko/.vscode/launch.json
