次の場所で Git を検索しています: /usr/bin/git
/usr/bin/git から Git 2.20.1 (Apple Git-117) を使用しています
> git rev-parse --git-dir
Open repository: /Users/masayukikaneko/VScode
> git status -z -u
> git symbolic-ref --short HEAD
> git for-each-ref --format=%(refname)%00%(upstream:short)%00%(upstream:track)%00%(objectname) refs/heads/main refs/remotes/main
> git for-each-ref --sort -committerdate --format %(refname) %(objectname) %(*objectname)
> git remote --verbose
Warning: Failed to watch ref '/Users/masayukikaneko/VScode/.git/refs/remotes/origin/main', is most likely packed.
> git config --get commit.template
> git check-ignore -v -z --stdin
> git log --format=%H%n%aN%n%aE%n%at%n%ct%n%P%n%B -z -n21 -- /Users/masayukikaneko/VScode/LDPCkaneko/LDPCv
> git show --textconv :LDPCkaneko/LDPCv.c
> git ls-files --stage -- /Users/masayukikaneko/VScode/LDPCkaneko/LDPCv.c
> git status -z -u
> git symbolic-ref --short HEAD
> git for-each-ref --format=%(refname)%00%(upstream:short)%00%(upstream:track)%00%(objectname) refs/heads/main refs/remotes/main
> git for-each-ref --sort -committerdate --format %(refname) %(objectname) %(*objectname)
> git remote --verbose
Warning: Failed to watch ref '/Users/masayukikaneko/VScode/.git/refs/remotes/origin/main', is most likely packed.
> git config --get commit.template
> git check-ignore -v -z --stdin
> git status -z -u
> git symbolic-ref --short HEAD
> git for-each-ref --format=%(refname)%00%(upstream:short)%00%(upstream:track)%00%(objectname) refs/heads/main refs/remotes/main
> git for-each-ref --sort -committerdate --format %(refname) %(objectname) %(*objectname)
> git remote --verbose
Warning: Failed to watch ref '/Users/masayukikaneko/VScode/.git/refs/remotes/origin/main', is most likely packed.
> git config --get commit.template
> git check-ignore -v -z --stdin
> git show --textconv HEAD:LDPCkaneko/test.txt
> git ls-tree -l HEAD -- /Users/masayukikaneko/VScode/LDPCkaneko/test.txt
> git show --textconv :LDPCkaneko/LDPCv.c
> git ls-files --stage -- /Users/masayukikaneko/VScode/LDPCkaneko/LDPCv.c
> git status -z -u
> git symbolic-ref --short HEAD
> git for-each-ref --format=%(refname)%00%(upstream:short)%00%(upstream:track)%00%(objectname) refs/heads/main refs/remotes/main
> git for-each-ref --sort -committerdate --format %(refname) %(objectname) %(*objectname)
> git remote --verbose
Warning: Failed to watch ref '/Users/masayukikaneko/VScode/.git/refs/remotes/origin/main', is most likely packed.
> git config --get commit.template
> git status -z -u
> git symbolic-ref --short HEAD
> git for-each-ref --format=%(refname)%00%(upstream:short)%00%(upstream:track)%00%(objectname) refs/heads/main refs/remotes/main
> git for-each-ref --sort -committerdate --format %(refname) %(objectname) %(*objectname)
> git remote --verbose
Warning: Failed to watch ref '/Users/masayukikaneko/VScode/.git/refs/remotes/origin/main', is most likely packed.
> git config --get commit.template
> git status -z -u
> git symbolic-ref --short HEAD
> git for-each-ref --format=%(refname)%00%(upstream:short)%00%(upstream:track)%00%(objectname) refs/heads/main refs/remotes/main
> git for-each-ref --sort -committerdate --format %(refname) %(objectname) %(*objectname)
> git remote --verbose
Warning: Failed to watch ref '/Users/masayukikaneko/VScode/.git/refs/remotes/origin/main', is most likely packed.
> git config --get commit.template
> git status -z -u
> git symbolic-ref --short HEAD
> git for-each-ref --format=%(refname)%00%(upstream:short)%00%(upstream:track)%00%(objectname) refs/heads/main refs/remotes/main
> git for-each-ref --sort -committerdate --format %(refname) %(objectname) %(*objectname)
> git remote --verbose
Warning: Failed to watch ref '/Users/masayukikaneko/VScode/.git/refs/remotes/origin/main', is most likely packed.
> git config --get commit.template
> git status -z -u
> git symbolic-ref --short HEAD
> git for-each-ref --format=%(refname)%00%(upstream:short)%00%(upstream:track)%00%(objectname) refs/heads/main refs/remotes/main
> git for-each-ref --sort -committerdate --format %(refname) %(objectname) %(*objectname)
> git remote --verbose
Warning: Failed to watch ref '/Users/masayukikaneko/VScode/.git/refs/remotes/origin/main', is most likely packed.
> git config --get commit.template
git.getSCMResource.uri file:///Users/masayukikaneko/VScode/LDPCkaneko/LDPCv.c
repo root /Users/masayukikaneko/VScode
> git show --textconv HEAD:LDPCkaneko/LDPCv.c
> git ls-tree -l HEAD -- /Users/masayukikaneko/VScode/LDPCkaneko/LDPCv.c
> git show --textconv :LDPCkaneko/LDPCv.c
> git ls-files --stage -- /Users/masayukikaneko/VScode/LDPCkaneko/LDPCv.c
> git show --textconv HEAD:LDPCkaneko/LDPCv.c
> git ls-tree -l HEAD -- /Users/masayukikaneko/VScode/LDPCkaneko/LDPCv.c
> git show --textconv :LDPCkaneko/LDPCv.c
> git ls-files --stage -- /Users/masayukikaneko/VScode/LDPCkaneko/LDPCv.c
