次の場所で Git を検索しています: /usr/bin/git
/usr/bin/git から Git 2.20.1 (Apple Git-117) を使用しています
> git rev-parse --git-dir
Open repository: /Users/masayukikaneko/VScode
> git status -z -u
> git symbolic-ref --short HEAD
> git for-each-ref --format=%(refname)%00%(upstream:short)%00%(upstream:track)%00%(objectname) refs/heads/main refs/remotes/main
> git for-each-ref --sort -committerdate --format %(refname) %(objectname) %(*objectname)
> git remote --verbose
Warning: Failed to watch ref '/Users/masayukikaneko/VScode/.git/refs/remotes/origin/main', is most likely packed.
> git config --get commit.template
> git show --textconv :LDPCkaneko/LDPCv.c
> git ls-files --stage -- /Users/masayukikaneko/VScode/LDPCkaneko/LDPCv.c
> git check-ignore -v -z --stdin
> git check-ignore -v -z --stdin
> git check-ignore -v -z --stdin
> git status -z -u
> git symbolic-ref --short HEAD
> git for-each-ref --format=%(refname)%00%(upstream:short)%00%(upstream:track)%00%(objectname) refs/heads/main refs/remotes/main
> git for-each-ref --sort -committerdate --format %(refname) %(objectname) %(*objectname)
> git remote --verbose
Warning: Failed to watch ref '/Users/masayukikaneko/VScode/.git/refs/remotes/origin/main', is most likely packed.
> git config --get commit.template
> git status -z -u
> git symbolic-ref --short HEAD
> git for-each-ref --format=%(refname)%00%(upstream:short)%00%(upstream:track)%00%(objectname) refs/heads/main refs/remotes/main
> git for-each-ref --sort -committerdate --format %(refname) %(objectname) %(*objectname)
> git remote --verbose
Warning: Failed to watch ref '/Users/masayukikaneko/VScode/.git/refs/remotes/origin/main', is most likely packed.
> git config --get commit.template
> git show --textconv :LDPCkaneko/.vscode/launch.json
> git ls-files --stage -- /Users/masayukikaneko/VScode/LDPCkaneko/.vscode/launch.json
> git show --textconv :LDPCkaneko/LDPCv.c
> git ls-files --stage -- /Users/masayukikaneko/VScode/LDPCkaneko/LDPCv.c
> git status -z -u
> git symbolic-ref --short HEAD
> git for-each-ref --format=%(refname)%00%(upstream:short)%00%(upstream:track)%00%(objectname) refs/heads/main refs/remotes/main
> git for-each-ref --sort -committerdate --format %(refname) %(objectname) %(*objectname)
> git remote --verbose
Warning: Failed to watch ref '/Users/masayukikaneko/VScode/.git/refs/remotes/origin/main', is most likely packed.
> git config --get commit.template
> git status -z -u
> git symbolic-ref --short HEAD
> git for-each-ref --format=%(refname)%00%(upstream:short)%00%(upstream:track)%00%(objectname) refs/heads/main refs/remotes/main
> git for-each-ref --sort -committerdate --format %(refname) %(objectname) %(*objectname)
> git remote --verbose
Warning: Failed to watch ref '/Users/masayukikaneko/VScode/.git/refs/remotes/origin/main', is most likely packed.
> git config --get commit.template
> git status -z -u
> git symbolic-ref --short HEAD
> git for-each-ref --format=%(refname)%00%(upstream:short)%00%(upstream:track)%00%(objectname) refs/heads/main refs/remotes/main
> git for-each-ref --sort -committerdate --format %(refname) %(objectname) %(*objectname)
> git remote --verbose
Warning: Failed to watch ref '/Users/masayukikaneko/VScode/.git/refs/remotes/origin/main', is most likely packed.
> git config --get commit.template
> git status -z -u
> git symbolic-ref --short HEAD
> git for-each-ref --format=%(refname)%00%(upstream:short)%00%(upstream:track)%00%(objectname) refs/heads/main refs/remotes/main
> git for-each-ref --sort -committerdate --format %(refname) %(objectname) %(*objectname)
> git remote --verbose
Warning: Failed to watch ref '/Users/masayukikaneko/VScode/.git/refs/remotes/origin/main', is most likely packed.
> git config --get commit.template
> git status -z -u
> git symbolic-ref --short HEAD
> git for-each-ref --format=%(refname)%00%(upstream:short)%00%(upstream:track)%00%(objectname) refs/heads/main refs/remotes/main
> git for-each-ref --sort -committerdate --format %(refname) %(objectname) %(*objectname)
> git remote --verbose
Warning: Failed to watch ref '/Users/masayukikaneko/VScode/.git/refs/remotes/origin/main', is most likely packed.
> git config --get commit.template
> git show --textconv :LDPCkaneko/.vscode/launch.json
> git ls-files --stage -- /Users/masayukikaneko/VScode/LDPCkaneko/.vscode/launch.json
> git show --textconv :LDPCkaneko/LDPCv.c
> git ls-files --stage -- /Users/masayukikaneko/VScode/LDPCkaneko/LDPCv.c
> git status -z -u
> git symbolic-ref --short HEAD
> git for-each-ref --format=%(refname)%00%(upstream:short)%00%(upstream:track)%00%(objectname) refs/heads/main refs/remotes/main
> git for-each-ref --sort -committerdate --format %(refname) %(objectname) %(*objectname)
> git remote --verbose
Warning: Failed to watch ref '/Users/masayukikaneko/VScode/.git/refs/remotes/origin/main', is most likely packed.
> git config --get commit.template
> git show --textconv :LDPCkaneko/.vscode/launch.json
> git ls-files --stage -- /Users/masayukikaneko/VScode/LDPCkaneko/.vscode/launch.json
> git show --textconv :LDPCkaneko/LDPCv.c
> git ls-files --stage -- /Users/masayukikaneko/VScode/LDPCkaneko/LDPCv.c
> git show --textconv HEAD:LDPCkaneko/LDPCv
> git ls-tree -l HEAD -- /Users/masayukikaneko/VScode/LDPCkaneko/LDPCv
> git ls-tree -l HEAD -- /Users/masayukikaneko/VScode/LDPCkaneko/LDPCv
git.stage 1
git.stage.scmResources 1
> git add -A -- /Users/masayukikaneko/VScode/LDPCkaneko/LDPCv
> git status -z -u
> git symbolic-ref --short HEAD
> git for-each-ref --format=%(refname)%00%(upstream:short)%00%(upstream:track)%00%(objectname) refs/heads/main refs/remotes/main
> git for-each-ref --sort -committerdate --format %(refname) %(objectname) %(*objectname)
> git remote --verbose
Warning: Failed to watch ref '/Users/masayukikaneko/VScode/.git/refs/remotes/origin/main', is most likely packed.
> git config --get commit.template
> git ls-files --stage -- /Users/masayukikaneko/VScode/LDPCkaneko/LDPCv
> git cat-file -s 5463a4f69221196d1ab8d83f983089cee4397590
> git show --textconv :LDPCkaneko/LDPCv
> git status -z -u
> git symbolic-ref --short HEAD
> git for-each-ref --format=%(refname)%00%(upstream:short)%00%(upstream:track)%00%(objectname) refs/heads/main refs/remotes/main
> git for-each-ref --sort -committerdate --format %(refname) %(objectname) %(*objectname)
> git remote --verbose
Warning: Failed to watch ref '/Users/masayukikaneko/VScode/.git/refs/remotes/origin/main', is most likely packed.
> git config --get commit.template
> git show --textconv HEAD:LDPCkaneko/LDPCv.dSYM/Contents/Resources/DWARF/LDPCv
> git ls-tree -l HEAD -- /Users/masayukikaneko/VScode/LDPCkaneko/LDPCv.dSYM/Contents/Resources/DWARF/LDPCv
> git ls-tree -l HEAD -- /Users/masayukikaneko/VScode/LDPCkaneko/LDPCv.dSYM/Contents/Resources/DWARF/LDPCv
> git check-ignore -v -z --stdin
git.stage 1
git.stage.scmResources 1
> git add -A -- /Users/masayukikaneko/VScode/LDPCkaneko/LDPCv.dSYM/Contents/Resources/DWARF/LDPCv
> git status -z -u
> git symbolic-ref --short HEAD
> git for-each-ref --format=%(refname)%00%(upstream:short)%00%(upstream:track)%00%(objectname) refs/heads/main refs/remotes/main
> git for-each-ref --sort -committerdate --format %(refname) %(objectname) %(*objectname)
> git remote --verbose
Warning: Failed to watch ref '/Users/masayukikaneko/VScode/.git/refs/remotes/origin/main', is most likely packed.
> git config --get commit.template
> git ls-files --stage -- /Users/masayukikaneko/VScode/LDPCkaneko/LDPCv.dSYM/Contents/Resources/DWARF/LDPCv
> git cat-file -s 3b85859c6ba663ca389d4d252c0c8f14961cf7cb
> git show --textconv :LDPCkaneko/LDPCv.dSYM/Contents/Resources/DWARF/LDPCv
> git status -z -u
> git symbolic-ref --short HEAD
> git for-each-ref --format=%(refname)%00%(upstream:short)%00%(upstream:track)%00%(objectname) refs/heads/main refs/remotes/main
> git for-each-ref --sort -committerdate --format %(refname) %(objectname) %(*objectname)
> git remote --verbose
Warning: Failed to watch ref '/Users/masayukikaneko/VScode/.git/refs/remotes/origin/main', is most likely packed.
> git config --get commit.template
> git show --textconv :LDPCkaneko/LDPCv.c
> git ls-files --stage -- /Users/masayukikaneko/VScode/LDPCkaneko/LDPCv.c
