[2021-03-04 20:38:12.034] [exthost] [info] extension host started
[2021-03-04 20:38:12.376] [exthost] [info] ExtensionService#_doActivateExtension vscode.debug-auto-launch {"startup":true,"extensionId":{"value":"vscode.debug-auto-launch","_lower":"vscode.debug-auto-launch"},"activationEvent":"*"}
[2021-03-04 20:38:12.377] [exthost] [info] ExtensionService#loadCommonJSModule file:///Users/masayukikaneko/.vscode-server/bin/622cb03f7e070a9670c94bae1a45d78d7181fbd4/extensions/debug-auto-launch/dist/extension
[2021-03-04 20:38:12.383] [exthost] [info] ExtensionService#_doActivateExtension vscode.git {"startup":true,"extensionId":{"value":"vscode.github","_lower":"vscode.github"},"activationEvent":"*"}
[2021-03-04 20:38:12.383] [exthost] [info] ExtensionService#loadCommonJSModule file:///Users/masayukikaneko/.vscode-server/bin/622cb03f7e070a9670c94bae1a45d78d7181fbd4/extensions/git/dist/main
[2021-03-04 20:38:12.535] [exthost] [info] ExtensionService#_doActivateExtension vscode.github {"startup":true,"extensionId":{"value":"vscode.github","_lower":"vscode.github"},"activationEvent":"*"}
[2021-03-04 20:38:12.535] [exthost] [info] ExtensionService#loadCommonJSModule file:///Users/masayukikaneko/.vscode-server/bin/622cb03f7e070a9670c94bae1a45d78d7181fbd4/extensions/github/dist/extension.js
[2021-03-04 20:38:12.627] [exthost] [info] ExtensionService#_doActivateExtension vscode.emmet {"startup":false,"extensionId":{"value":"vscode.emmet","_lower":"vscode.emmet"},"activationEvent":"onStartupFinished"}
[2021-03-04 20:38:12.627] [exthost] [info] ExtensionService#loadCommonJSModule file:///Users/masayukikaneko/.vscode-server/bin/622cb03f7e070a9670c94bae1a45d78d7181fbd4/extensions/emmet/dist/node/emmetNodeMain
[2021-03-04 20:38:12.641] [exthost] [info] ExtensionService#_doActivateExtension vscode.merge-conflict {"startup":false,"extensionId":{"value":"vscode.merge-conflict","_lower":"vscode.merge-conflict"},"activationEvent":"onStartupFinished"}
[2021-03-04 20:38:12.641] [exthost] [info] ExtensionService#loadCommonJSModule file:///Users/masayukikaneko/.vscode-server/bin/622cb03f7e070a9670c94bae1a45d78d7181fbd4/extensions/merge-conflict/dist/mergeConflictMain
[2021-03-04 20:38:12.646] [exthost] [info] ExtensionService#_doActivateExtension vscode.testing-editor-contributions {"startup":false,"extensionId":{"value":"vscode.testing-editor-contributions","_lower":"vscode.testing-editor-contributions"},"activationEvent":"onStartupFinished"}
[2021-03-04 20:38:12.646] [exthost] [info] ExtensionService#loadCommonJSModule file:///Users/masayukikaneko/.vscode-server/bin/622cb03f7e070a9670c94bae1a45d78d7181fbd4/extensions/testing-editor-contributions/dist/extension.js
[2021-03-04 20:38:12.650] [exthost] [info] ExtensionService#_doActivateExtension formulahendry.code-runner {"startup":false,"extensionId":{"value":"formulahendry.code-runner","_lower":"formulahendry.code-runner"},"activationEvent":"onStartupFinished"}
[2021-03-04 20:38:12.650] [exthost] [info] ExtensionService#loadCommonJSModule file:///Users/masayukikaneko/.vscode-server/extensions/formulahendry.code-runner-0.11.2/out/src/extension
[2021-03-04 20:38:12.680] [exthost] [info] eager extensions activated
[2021-03-04 20:38:12.682] [exthost] [info] ExtensionService#_doActivateExtension ms-vscode.js-debug {"startup":false,"extensionId":{"value":"ms-vscode.js-debug","_lower":"ms-vscode.js-debug"},"activationEvent":"onCommand:extension.js-debug.clearAutoAttachVariables"}
[2021-03-04 20:38:12.682] [exthost] [info] ExtensionService#loadCommonJSModule file:///Users/masayukikaneko/.vscode-server/bin/622cb03f7e070a9670c94bae1a45d78d7181fbd4/extensions/ms-vscode.js-debug/src/extension.js
[2021-03-04 20:41:21.459] [exthost] [info] ExtensionService#_doActivateExtension ms-vscode.cpptools {"startup":false,"extensionId":{"value":"ms-vscode.cpptools","_lower":"ms-vscode.cpptools"},"activationEvent":"onLanguage:c"}
[2021-03-04 20:41:21.459] [exthost] [info] ExtensionService#loadCommonJSModule file:///Users/masayukikaneko/.vscode-server/extensions/ms-vscode.cpptools-1.2.2/dist/main
[2021-03-04 20:41:30.318] [exthost] [info] ExtensionService#_doActivateExtension vscode.debug-server-ready {"startup":false,"extensionId":{"value":"vscode.debug-server-ready","_lower":"vscode.debug-server-ready"},"activationEvent":"onDebugResolve"}
[2021-03-04 20:41:30.318] [exthost] [info] ExtensionService#loadCommonJSModule file:///Users/masayukikaneko/.vscode-server/bin/622cb03f7e070a9670c94bae1a45d78d7181fbd4/extensions/debug-server-ready/dist/extension
[2021-03-04 20:41:30.400] [exthost] [info] ExtensionService#_doActivateExtension vscode.configuration-editing {"startup":false,"extensionId":{"value":"vscode.configuration-editing","_lower":"vscode.configuration-editing"},"activationEvent":"onLanguage:jsonc"}
[2021-03-04 20:41:30.400] [exthost] [info] ExtensionService#loadCommonJSModule file:///Users/masayukikaneko/.vscode-server/bin/622cb03f7e070a9670c94bae1a45d78d7181fbd4/extensions/configuration-editing/dist/configurationEditingMain
[2021-03-04 20:41:30.405] [exthost] [info] ExtensionService#_doActivateExtension vscode.json-language-features {"startup":false,"extensionId":{"value":"vscode.json-language-features","_lower":"vscode.json-language-features"},"activationEvent":"onLanguage:jsonc"}
[2021-03-04 20:41:30.405] [exthost] [info] ExtensionService#loadCommonJSModule file:///Users/masayukikaneko/.vscode-server/bin/622cb03f7e070a9670c94bae1a45d78d7181fbd4/extensions/json-language-features/client/dist/node/jsonClientMain
[2021-03-04 20:41:30.450] [exthost] [info] ExtensionService#_doActivateExtension vscode.typescript-language-features {"startup":false,"extensionId":{"value":"vscode.typescript-language-features","_lower":"vscode.typescript-language-features"},"activationEvent":"onLanguage:jsonc"}
[2021-03-04 20:41:30.450] [exthost] [info] ExtensionService#loadCommonJSModule file:///Users/masayukikaneko/.vscode-server/bin/622cb03f7e070a9670c94bae1a45d78d7181fbd4/extensions/typescript-language-features/dist/extension
[2021-03-04 20:55:02.927] [exthost] [info] extension host terminating: received terminate message from renderer
[2021-03-04 20:55:03.967] [exthost] [info] exiting with code 0
