[2021-03-04 18:00:49.916] [exthost] [info] extension host started
[2021-03-04 18:00:49.971] [exthost] [info] ExtensionService#_doActivateExtension ms-vscode.cpptools {"startup":false,"extensionId":{"value":"ms-vscode.cpptools","_lower":"ms-vscode.cpptools"},"activationEvent":"onLanguage:c"}
[2021-03-04 18:00:49.972] [exthost] [info] ExtensionService#loadCommonJSModule file:///Users/masayukikaneko/.vscode-server/extensions/ms-vscode.cpptools-1.2.2/dist/main
[2021-03-04 18:00:50.057] [exthost] [info] ExtensionService#_doActivateExtension vscode.debug-auto-launch {"startup":true,"extensionId":{"value":"vscode.debug-auto-launch","_lower":"vscode.debug-auto-launch"},"activationEvent":"*"}
[2021-03-04 18:00:50.057] [exthost] [info] ExtensionService#loadCommonJSModule file:///Users/masayukikaneko/.vscode-server/bin/622cb03f7e070a9670c94bae1a45d78d7181fbd4/extensions/debug-auto-launch/dist/extension
[2021-03-04 18:00:50.061] [exthost] [info] ExtensionService#_doActivateExtension vscode.git {"startup":true,"extensionId":{"value":"vscode.github","_lower":"vscode.github"},"activationEvent":"*"}
[2021-03-04 18:00:50.061] [exthost] [info] ExtensionService#loadCommonJSModule file:///Users/masayukikaneko/.vscode-server/bin/622cb03f7e070a9670c94bae1a45d78d7181fbd4/extensions/git/dist/main
[2021-03-04 18:00:50.371] [exthost] [info] ExtensionService#_doActivateExtension vscode.github {"startup":true,"extensionId":{"value":"vscode.github","_lower":"vscode.github"},"activationEvent":"*"}
[2021-03-04 18:00:50.371] [exthost] [info] ExtensionService#loadCommonJSModule file:///Users/masayukikaneko/.vscode-server/bin/622cb03f7e070a9670c94bae1a45d78d7181fbd4/extensions/github/dist/extension.js
[2021-03-04 18:00:50.558] [exthost] [info] ExtensionService#_doActivateExtension vscode.emmet {"startup":false,"extensionId":{"value":"vscode.emmet","_lower":"vscode.emmet"},"activationEvent":"onStartupFinished"}
[2021-03-04 18:00:50.558] [exthost] [info] ExtensionService#loadCommonJSModule file:///Users/masayukikaneko/.vscode-server/bin/622cb03f7e070a9670c94bae1a45d78d7181fbd4/extensions/emmet/dist/node/emmetNodeMain
[2021-03-04 18:00:50.573] [exthost] [info] ExtensionService#_doActivateExtension vscode.merge-conflict {"startup":false,"extensionId":{"value":"vscode.merge-conflict","_lower":"vscode.merge-conflict"},"activationEvent":"onStartupFinished"}
[2021-03-04 18:00:50.573] [exthost] [info] ExtensionService#loadCommonJSModule file:///Users/masayukikaneko/.vscode-server/bin/622cb03f7e070a9670c94bae1a45d78d7181fbd4/extensions/merge-conflict/dist/mergeConflictMain
[2021-03-04 18:00:50.578] [exthost] [info] ExtensionService#_doActivateExtension vscode.testing-editor-contributions {"startup":false,"extensionId":{"value":"vscode.testing-editor-contributions","_lower":"vscode.testing-editor-contributions"},"activationEvent":"onStartupFinished"}
[2021-03-04 18:00:50.578] [exthost] [info] ExtensionService#loadCommonJSModule file:///Users/masayukikaneko/.vscode-server/bin/622cb03f7e070a9670c94bae1a45d78d7181fbd4/extensions/testing-editor-contributions/dist/extension.js
[2021-03-04 18:00:50.582] [exthost] [info] ExtensionService#_doActivateExtension formulahendry.code-runner {"startup":false,"extensionId":{"value":"formulahendry.code-runner","_lower":"formulahendry.code-runner"},"activationEvent":"onStartupFinished"}
[2021-03-04 18:00:50.582] [exthost] [info] ExtensionService#loadCommonJSModule file:///Users/masayukikaneko/.vscode-server/extensions/formulahendry.code-runner-0.11.2/out/src/extension
[2021-03-04 18:00:50.611] [exthost] [info] eager extensions activated
[2021-03-04 18:00:50.640] [exthost] [info] ExtensionService#_doActivateExtension ms-vscode.js-debug {"startup":false,"extensionId":{"value":"ms-vscode.js-debug","_lower":"ms-vscode.js-debug"},"activationEvent":"onCommand:extension.js-debug.clearAutoAttachVariables"}
[2021-03-04 18:00:50.640] [exthost] [info] ExtensionService#loadCommonJSModule file:///Users/masayukikaneko/.vscode-server/bin/622cb03f7e070a9670c94bae1a45d78d7181fbd4/extensions/ms-vscode.js-debug/src/extension.js
[2021-03-04 18:01:42.247] [exthost] [info] ExtensionService#_doActivateExtension vscode.debug-server-ready {"startup":false,"extensionId":{"value":"vscode.debug-server-ready","_lower":"vscode.debug-server-ready"},"activationEvent":"onDebugResolve"}
[2021-03-04 18:01:42.247] [exthost] [info] ExtensionService#loadCommonJSModule file:///Users/masayukikaneko/.vscode-server/bin/622cb03f7e070a9670c94bae1a45d78d7181fbd4/extensions/debug-server-ready/dist/extension
[2021-03-04 18:01:42.301] [exthost] [info] ExtensionService#_doActivateExtension vscode.grunt {"startup":false,"extensionId":{"value":"vscode.grunt","_lower":"vscode.grunt"},"activationEvent":"onCommand:workbench.action.tasks.runTask"}
[2021-03-04 18:01:42.301] [exthost] [info] ExtensionService#loadCommonJSModule file:///Users/masayukikaneko/.vscode-server/bin/622cb03f7e070a9670c94bae1a45d78d7181fbd4/extensions/grunt/dist/main
[2021-03-04 18:01:42.306] [exthost] [info] ExtensionService#_doActivateExtension vscode.gulp {"startup":false,"extensionId":{"value":"vscode.gulp","_lower":"vscode.gulp"},"activationEvent":"onCommand:workbench.action.tasks.runTask"}
[2021-03-04 18:01:42.306] [exthost] [info] ExtensionService#loadCommonJSModule file:///Users/masayukikaneko/.vscode-server/bin/622cb03f7e070a9670c94bae1a45d78d7181fbd4/extensions/gulp/dist/main
[2021-03-04 18:01:42.309] [exthost] [info] ExtensionService#_doActivateExtension vscode.jake {"startup":false,"extensionId":{"value":"vscode.jake","_lower":"vscode.jake"},"activationEvent":"onCommand:workbench.action.tasks.runTask"}
[2021-03-04 18:01:42.309] [exthost] [info] ExtensionService#loadCommonJSModule file:///Users/masayukikaneko/.vscode-server/bin/622cb03f7e070a9670c94bae1a45d78d7181fbd4/extensions/jake/dist/main
[2021-03-04 18:01:42.312] [exthost] [info] ExtensionService#_doActivateExtension vscode.npm {"startup":false,"extensionId":{"value":"vscode.npm","_lower":"vscode.npm"},"activationEvent":"onCommand:workbench.action.tasks.runTask"}
[2021-03-04 18:01:42.312] [exthost] [info] ExtensionService#loadCommonJSModule file:///Users/masayukikaneko/.vscode-server/bin/622cb03f7e070a9670c94bae1a45d78d7181fbd4/extensions/npm/dist/npmMain
[2021-03-04 18:01:42.340] [exthost] [info] ExtensionService#_doActivateExtension vscode.typescript-language-features {"startup":false,"extensionId":{"value":"vscode.typescript-language-features","_lower":"vscode.typescript-language-features"},"activationEvent":"onCommand:workbench.action.tasks.runTask"}
[2021-03-04 18:01:42.340] [exthost] [info] ExtensionService#loadCommonJSModule file:///Users/masayukikaneko/.vscode-server/bin/622cb03f7e070a9670c94bae1a45d78d7181fbd4/extensions/typescript-language-features/dist/extension
[2021-03-04 18:03:56.917] [exthost] [error] [ms-vscode.cpptools] provider FAILED
[2021-03-04 18:03:56.917] [exthost] [error] undefined
[2021-03-04 18:04:02.351] [exthost] [error] [ms-vscode.cpptools] provider FAILED
[2021-03-04 18:04:02.351] [exthost] [error] undefined
[2021-03-04 18:06:06.346] [exthost] [info] ExtensionService#_doActivateExtension vscode.configuration-editing {"startup":false,"extensionId":{"value":"vscode.configuration-editing","_lower":"vscode.configuration-editing"},"activationEvent":"onLanguage:jsonc"}
[2021-03-04 18:06:06.346] [exthost] [info] ExtensionService#loadCommonJSModule file:///Users/masayukikaneko/.vscode-server/bin/622cb03f7e070a9670c94bae1a45d78d7181fbd4/extensions/configuration-editing/dist/configurationEditingMain
[2021-03-04 18:06:06.351] [exthost] [info] ExtensionService#_doActivateExtension vscode.json-language-features {"startup":false,"extensionId":{"value":"vscode.json-language-features","_lower":"vscode.json-language-features"},"activationEvent":"onLanguage:jsonc"}
[2021-03-04 18:06:06.351] [exthost] [info] ExtensionService#loadCommonJSModule file:///Users/masayukikaneko/.vscode-server/bin/622cb03f7e070a9670c94bae1a45d78d7181fbd4/extensions/json-language-features/client/dist/node/jsonClientMain
[2021-03-04 18:07:11.425] [exthost] [error] [ms-vscode.cpptools] provider FAILED
[2021-03-04 18:07:11.425] [exthost] [error] undefined
[2021-03-04 18:17:29.463] [exthost] [info] extension host terminating: received terminate message from renderer
[2021-03-04 18:17:30.499] [exthost] [info] exiting with code 0
